mode: atomic
github.com/itsubaki/gocov/profile/block.go:20.45,22.22 2 1
github.com/itsubaki/gocov/profile/block.go:22.22,24.3 1 0
github.com/itsubaki/gocov/profile/block.go:26.2,28.43 3 1
github.com/itsubaki/gocov/profile/block.go:28.43,30.3 1 0
github.com/itsubaki/gocov/profile/block.go:32.2,34.22 3 1
github.com/itsubaki/gocov/profile/block.go:34.22,36.3 1 0
github.com/itsubaki/gocov/profile/block.go:38.2,39.16 2 1
github.com/itsubaki/gocov/profile/block.go:39.16,41.3 1 0
github.com/itsubaki/gocov/profile/block.go:43.2,44.16 2 1
github.com/itsubaki/gocov/profile/block.go:44.16,46.3 1 0
github.com/itsubaki/gocov/profile/block.go:48.2,49.16 2 1
github.com/itsubaki/gocov/profile/block.go:49.16,51.3 1 0
github.com/itsubaki/gocov/profile/block.go:53.2,54.16 2 1
github.com/itsubaki/gocov/profile/block.go:54.16,56.3 1 0
github.com/itsubaki/gocov/profile/block.go:58.2,66.8 1 1
github.com/itsubaki/gocov/profile/block.go:69.49,71.23 2 7
github.com/itsubaki/gocov/profile/block.go:71.23,73.3 1 1
github.com/itsubaki/gocov/profile/block.go:75.2,76.16 2 6
github.com/itsubaki/gocov/profile/block.go:76.16,78.3 1 1
github.com/itsubaki/gocov/profile/block.go:80.2,81.16 2 5
github.com/itsubaki/gocov/profile/block.go:81.16,83.3 1 1
github.com/itsubaki/gocov/profile/block.go:85.2,85.23 1 4
github.com/itsubaki/gocov/profile/profile.go:15.43,17.16 2 0
github.com/itsubaki/gocov/profile/profile.go:17.16,19.3 1 0
github.com/itsubaki/gocov/profile/profile.go:20.2,20.15 1 0
github.com/itsubaki/gocov/profile/profile.go:20.15,21.38 1 0
github.com/itsubaki/gocov/profile/profile.go:21.38,23.4 1 0
github.com/itsubaki/gocov/profile/profile.go:26.2,31.20 4 0
github.com/itsubaki/gocov/profile/profile.go:31.20,33.17 2 0
github.com/itsubaki/gocov/profile/profile.go:33.17,35.4 1 0
github.com/itsubaki/gocov/profile/profile.go:37.3,38.10 2 0
github.com/itsubaki/gocov/profile/profile.go:38.10,40.4 1 0
github.com/itsubaki/gocov/profile/profile.go:42.3,43.17 2 0
github.com/itsubaki/gocov/profile/profile.go:43.17,45.4 1 0
github.com/itsubaki/gocov/profile/profile.go:49.2,50.21 2 0
github.com/itsubaki/gocov/profile/profile.go:50.21,52.17 2 0
github.com/itsubaki/gocov/profile/profile.go:52.17,53.12 1 0
github.com/itsubaki/gocov/profile/profile.go:56.3,57.17 2 0
github.com/itsubaki/gocov/profile/profile.go:57.17,59.4 1 0
github.com/itsubaki/gocov/profile/profile.go:61.3,61.33 1 0
github.com/itsubaki/gocov/profile/profile.go:64.2,64.38 1 0
github.com/itsubaki/gocov/profile/profile.go:64.38,66.3 1 0
github.com/itsubaki/gocov/profile/profile.go:68.2,71.8 1 0
github.com/itsubaki/gocov/report/directory.go:10.47,12.26 2 0
github.com/itsubaki/gocov/report/directory.go:12.26,13.39 1 0
github.com/itsubaki/gocov/report/directory.go:13.39,15.12 2 0
github.com/itsubaki/gocov/report/directory.go:18.3,21.4 1 0
github.com/itsubaki/gocov/report/directory.go:24.2,25.27 2 0
github.com/itsubaki/gocov/report/directory.go:25.27,27.3 1 0
github.com/itsubaki/gocov/report/directory.go:29.2,29.38 1 0
github.com/itsubaki/gocov/report/directory.go:29.38,31.3 1 0
github.com/itsubaki/gocov/report/directory.go:33.2,33.12 1 0
github.com/itsubaki/gocov/report/file.go:24.96,27.11 3 0
github.com/itsubaki/gocov/report/file.go:27.11,29.17 2 0
github.com/itsubaki/gocov/report/file.go:29.17,31.4 1 0
github.com/itsubaki/gocov/report/file.go:33.3,33.37 1 0
github.com/itsubaki/gocov/report/file.go:36.2,38.20 3 0
github.com/itsubaki/gocov/report/file.go:38.20,40.3 1 0
github.com/itsubaki/gocov/report/file.go:42.2,51.8 1 0
github.com/itsubaki/gocov/report/file.go:54.70,56.33 2 0
github.com/itsubaki/gocov/report/file.go:56.33,58.3 1 0
github.com/itsubaki/gocov/report/file.go:59.2,62.22 3 0
github.com/itsubaki/gocov/report/file.go:62.22,63.62 1 0
github.com/itsubaki/gocov/report/file.go:63.62,66.4 2 0
github.com/itsubaki/gocov/report/file.go:68.3,68.59 1 0
github.com/itsubaki/gocov/report/file.go:68.59,72.4 3 0
github.com/itsubaki/gocov/report/file.go:75.2,75.26 1 0
github.com/itsubaki/gocov/report/file.go:75.26,77.33 2 0
github.com/itsubaki/gocov/report/file.go:77.33,78.12 1 0
github.com/itsubaki/gocov/report/file.go:81.3,82.17 2 0
github.com/itsubaki/gocov/report/file.go:82.17,84.4 1 0
github.com/itsubaki/gocov/report/file.go:86.3,86.19 1 0
github.com/itsubaki/gocov/report/file.go:89.2,89.18 1 0
github.com/itsubaki/gocov/report/file.go:92.87,93.11 1 0
github.com/itsubaki/gocov/report/file.go:93.11,95.50 2 0
github.com/itsubaki/gocov/report/file.go:95.50,97.4 1 0
github.com/itsubaki/gocov/report/file.go:100.2,101.22 2 0
github.com/itsubaki/gocov/report/file.go:101.22,103.3 1 0
github.com/itsubaki/gocov/report/file.go:105.2,105.61 1 0
github.com/itsubaki/gocov/report/file.go:105.61,107.3 1 0
github.com/itsubaki/gocov/report/file.go:109.2,109.14 1 0
github.com/itsubaki/gocov/report/file.go:112.49,114.16 2 0
github.com/itsubaki/gocov/report/file.go:114.16,116.3 1 0
github.com/itsubaki/gocov/report/file.go:119.2,124.49 4 0
github.com/itsubaki/gocov/report/file.go:124.49,126.3 1 0
github.com/itsubaki/gocov/report/file.go:128.2,128.19 1 0
github.com/itsubaki/gocov/report/line.go:17.64,26.27 3 0
github.com/itsubaki/gocov/report/line.go:26.27,28.35 2 0
github.com/itsubaki/gocov/report/line.go:28.35,30.4 1 0
github.com/itsubaki/gocov/report/line.go:32.3,33.18 2 0
github.com/itsubaki/gocov/report/line.go:33.18,34.12 1 0
github.com/itsubaki/gocov/report/line.go:37.3,37.42 1 0
github.com/itsubaki/gocov/report/line.go:37.42,38.19 1 0
github.com/itsubaki/gocov/report/line.go:38.19,41.13 3 0
github.com/itsubaki/gocov/report/line.go:44.4,44.27 1 0
github.com/itsubaki/gocov/report/line.go:49.2,50.30 2 0
github.com/itsubaki/gocov/report/line.go:50.30,53.28 2 0
github.com/itsubaki/gocov/report/line.go:54.30,56.29 2 0
github.com/itsubaki/gocov/report/line.go:57.18,59.29 2 0
github.com/itsubaki/gocov/report/line.go:60.17,62.14 2 0
github.com/itsubaki/gocov/report/line.go:65.3,70.5 1 0
github.com/itsubaki/gocov/report/line.go:73.2,73.14 1 0
github.com/itsubaki/gocov/report/line.go:76.36,77.15 1 4
github.com/itsubaki/gocov/report/line.go:77.15,79.3 1 1
github.com/itsubaki/gocov/report/line.go:81.2,81.17 1 3
github.com/itsubaki/gocov/report/line.go:81.17,83.3 1 1
github.com/itsubaki/gocov/report/line.go:85.2,85.20 1 2
github.com/itsubaki/gocov/report/line.go:85.20,87.3 1 1
github.com/itsubaki/gocov/report/line.go:89.2,89.52 1 1
github.com/itsubaki/gocov/report/report.go:35.64,37.32 2 0
github.com/itsubaki/gocov/report/report.go:37.32,39.3 1 0
github.com/itsubaki/gocov/report/report.go:41.2,42.24 2 0
github.com/itsubaki/gocov/report/report.go:42.24,44.3 1 0
github.com/itsubaki/gocov/report/report.go:45.2,51.31 5 0
github.com/itsubaki/gocov/report/report.go:51.31,53.17 2 0
github.com/itsubaki/gocov/report/report.go:53.17,55.4 1 0
github.com/itsubaki/gocov/report/report.go:57.3,58.18 2 0
github.com/itsubaki/gocov/report/report.go:58.18,60.4 1 0
github.com/itsubaki/gocov/report/report.go:64.2,64.40 1 0
github.com/itsubaki/gocov/report/report.go:64.40,66.3 1 0
github.com/itsubaki/gocov/report/report.go:69.2,69.23 1 0
github.com/itsubaki/gocov/report/report.go:69.23,71.3 1 0
github.com/itsubaki/gocov/report/report.go:73.2,84.8 1 0
github.com/itsubaki/gocov/report/report.go:87.37,89.16 2 0
github.com/itsubaki/gocov/report/report.go:89.16,91.3 1 0
github.com/itsubaki/gocov/report/report.go:92.2,92.15 1 0
github.com/itsubaki/gocov/report/report.go:92.15,93.38 1 0
github.com/itsubaki/gocov/report/report.go:93.38,95.4 1 0
github.com/itsubaki/gocov/report/report.go:98.2,99.21 2 0
github.com/itsubaki/gocov/report/report.go:99.21,101.59 2 0
github.com/itsubaki/gocov/report/report.go:101.59,103.4 1 0
github.com/itsubaki/gocov/report/report.go:106.2,106.11 1 0
github.com/itsubaki/gocov/report/stats.go:17.41,19.26 2 0
github.com/itsubaki/gocov/report/stats.go:19.26,21.3 1 0
github.com/itsubaki/gocov/report/stats.go:23.2,24.10 2 0
github.com/itsubaki/gocov/report/stats.go:27.65,29.27 2 0
github.com/itsubaki/gocov/report/stats.go:29.27,31.18 2 0
github.com/itsubaki/gocov/report/stats.go:31.18,33.4 1 0
github.com/itsubaki/gocov/report/stats.go:36.2,36.29 1 0
github.com/itsubaki/gocov/report/stats.go:36.29,37.21 1 0
github.com/itsubaki/gocov/report/stats.go:38.18,40.18 2 0
github.com/itsubaki/gocov/report/stats.go:41.18,43.18 2 0
github.com/itsubaki/gocov/report/stats.go:44.17,46.18 2 0
github.com/itsubaki/gocov/report/stats.go:50.2,51.10 2 0
github.com/itsubaki/gocov/report/stats.go:54.32,65.2 9 1
github.com/itsubaki/gocov/report/stats.go:67.30,68.22 1 2
github.com/itsubaki/gocov/report/stats.go:68.22,70.3 1 1
github.com/itsubaki/gocov/report/stats.go:72.2,72.26 1 1
github.com/itsubaki/gocov/report/stats.go:75.23,77.27 2 1
github.com/itsubaki/gocov/report/stats.go:77.27,79.3 1 1
github.com/itsubaki/gocov/report/stats.go:81.2,81.25 1 1
github.com/itsubaki/gocov/report/stats.go:82.15,83.20 1 0
github.com/itsubaki/gocov/report/stats.go:84.15,85.22 1 1
github.com/itsubaki/gocov/report/stats.go:86.10,87.19 1 0
github.com/itsubaki/gocov/report/stats.go:91.28,92.12 1 3
github.com/itsubaki/gocov/report/stats.go:92.12,94.3 1 1
github.com/itsubaki/gocov/report/stats.go:96.2,96.32 1 2
github.com/itsubaki/gocov/render/directory.go:20.54,23.16 3 0
github.com/itsubaki/gocov/render/directory.go:23.16,25.3 1 0
github.com/itsubaki/gocov/render/directory.go:27.2,34.3 1 0
github.com/itsubaki/gocov/render/directory.go:37.111,49.43 3 0
github.com/itsubaki/gocov/render/directory.go:49.43,52.3 1 0
github.com/itsubaki/gocov/render/directory.go:55.2,56.41 2 0
github.com/itsubaki/gocov/render/directory.go:56.41,70.3 3 0
github.com/itsubaki/gocov/render/directory.go:73.2,73.34 1 0
github.com/itsubaki/gocov/render/directory.go:73.34,74.35 1 0
github.com/itsubaki/gocov/render/directory.go:74.35,80.4 3 0
github.com/itsubaki/gocov/render/directory.go:83.2,83.15 1 0
github.com/itsubaki/gocov/render/directory.go:86.72,87.18 1 0
github.com/itsubaki/gocov/render/directory.go:87.18,89.3 1 0
github.com/itsubaki/gocov/render/directory.go:91.2,92.26 2 0
github.com/itsubaki/gocov/render/directory.go:92.26,109.3 1 0
github.com/itsubaki/gocov/render/directory.go:111.2,111.65 1 0
github.com/itsubaki/gocov/render/directory.go:111.65,114.3 2 0
github.com/itsubaki/gocov/render/directory.go:116.2,122.21 6 0
github.com/itsubaki/gocov/render/directory.go:122.21,124.3 1 0
github.com/itsubaki/gocov/render/directory.go:126.2,141.3 1 0
github.com/itsubaki/gocov/render/directory.go:144.53,146.16 2 0
github.com/itsubaki/gocov/render/directory.go:146.16,148.3 1 0
github.com/itsubaki/gocov/render/directory.go:150.2,153.29 4 0
github.com/itsubaki/gocov/render/directory.go:156.43,157.29 1 0
github.com/itsubaki/gocov/render/directory.go:157.29,159.3 1 0
github.com/itsubaki/gocov/render/directory.go:161.2,161.64 1 0
github.com/itsubaki/gocov/render/directory.go:164.32,165.39 1 0
github.com/itsubaki/gocov/render/directory.go:165.39,167.3 1 0
github.com/itsubaki/gocov/render/directory.go:169.2,169.33 1 0
github.com/itsubaki/gocov/render/directory.go:172.38,173.39 1 9
github.com/itsubaki/gocov/render/directory.go:173.39,175.3 1 2
github.com/itsubaki/gocov/render/directory.go:177.2,177.34 1 9
github.com/itsubaki/gocov/render/directory.go:178.15,179.57 1 2
github.com/itsubaki/gocov/render/directory.go:180.15,181.54 1 2
github.com/itsubaki/gocov/render/directory.go:182.10,183.51 1 5
github.com/itsubaki/gocov/render/directory.go:187.95,189.17 2 9
github.com/itsubaki/gocov/render/directory.go:189.17,191.3 1 9
github.com/itsubaki/gocov/render/directory.go:193.2,194.43 2 9
github.com/itsubaki/gocov/render/directory.go:197.56,203.12 5 9
github.com/itsubaki/gocov/render/directory.go:203.12,205.15 2 9
github.com/itsubaki/gocov/render/directory.go:205.15,207.4 1 0
github.com/itsubaki/gocov/render/directory.go:209.3,212.32 4 9
github.com/itsubaki/gocov/render/directory.go:215.2,215.109 1 9
github.com/itsubaki/gocov/render/directory.go:218.40,219.11 1 27
github.com/itsubaki/gocov/render/directory.go:219.11,221.3 1 8
github.com/itsubaki/gocov/render/directory.go:223.2,223.11 1 27
github.com/itsubaki/gocov/render/directory.go:223.11,225.3 1 0
github.com/itsubaki/gocov/render/directory.go:227.2,227.9 1 27
github.com/itsubaki/gocov/render/directory.go:228.19,229.23 1 8
github.com/itsubaki/gocov/render/directory.go:230.19,231.11 1 9
github.com/itsubaki/gocov/render/directory.go:232.19,233.33 1 1
github.com/itsubaki/gocov/render/directory.go:234.10,235.11 1 9
github.com/itsubaki/gocov/render/directory_node.go:20.64,29.27 2 0
github.com/itsubaki/gocov/render/directory_node.go:29.27,30.30 1 0
github.com/itsubaki/gocov/render/directory_node.go:30.30,31.12 1 0
github.com/itsubaki/gocov/render/directory_node.go:35.3,36.25 2 0
github.com/itsubaki/gocov/render/directory_node.go:36.25,38.12 2 0
github.com/itsubaki/gocov/render/directory_node.go:42.3,43.27 2 0
github.com/itsubaki/gocov/render/directory_node.go:43.27,46.4 2 0
github.com/itsubaki/gocov/render/directory_node.go:48.3,48.59 1 0
github.com/itsubaki/gocov/render/directory_node.go:51.2,52.13 2 0
github.com/itsubaki/gocov/render/directory_node.go:55.39,56.29 1 0
github.com/itsubaki/gocov/render/directory_node.go:56.29,58.3 1 0
github.com/itsubaki/gocov/render/directory_node.go:60.2,60.33 1 0
github.com/itsubaki/gocov/render/directory_node.go:63.40,65.53 2 0
github.com/itsubaki/gocov/render/directory_node.go:65.53,67.3 1 0
github.com/itsubaki/gocov/render/directory_node.go:69.2,69.31 1 0
github.com/itsubaki/gocov/render/directory_node.go:69.31,71.3 1 0
github.com/itsubaki/gocov/render/directory_node.go:73.2,73.14 1 0
github.com/itsubaki/gocov/render/directory_node.go:76.76,77.48 1 0
github.com/itsubaki/gocov/render/directory_node.go:77.48,79.3 1 0
github.com/itsubaki/gocov/render/directory_node.go:81.2,92.14 4 0
github.com/itsubaki/gocov/render/directory_node.go:95.38,100.29 4 2
github.com/itsubaki/gocov/render/directory_node.go:100.29,101.32 1 4
github.com/itsubaki/gocov/render/directory_node.go:101.32,102.12 1 0
github.com/itsubaki/gocov/render/directory_node.go:105.3,105.26 1 4
github.com/itsubaki/gocov/render/directory_node.go:108.2,108.12 1 2
github.com/itsubaki/gocov/render/directory_node.go:111.30,112.45 1 0
github.com/itsubaki/gocov/render/directory_node.go:112.45,114.3 1 0
github.com/itsubaki/gocov/render/directory_node.go:116.2,116.31 1 0
github.com/itsubaki/gocov/render/directory_node.go:116.31,118.3 1 0
github.com/itsubaki/gocov/render/render.go:13.50,23.16 2 1
github.com/itsubaki/gocov/render/render.go:23.16,25.3 1 0
github.com/itsubaki/gocov/render/render.go:27.2,27.29 1 1
github.com/itsubaki/gocov/render/render.go:30.38,31.16 1 3
github.com/itsubaki/gocov/render/render.go:31.16,33.3 1 1
github.com/itsubaki/gocov/render/render.go:35.2,35.44 1 2
github.com/itsubaki/gocov/render/render.go:38.33,39.39 1 5
github.com/itsubaki/gocov/render/render.go:39.39,41.3 1 2
github.com/itsubaki/gocov/render/render.go:43.2,43.51 1 3
github.com/itsubaki/gocov/render/render.go:46.39,48.2 1 9
github.com/itsubaki/gocov/render/render.go:50.37,52.2 1 3
